<?xml version="1.0" encoding="UTF-8"?>
<testng-results ignored="0" total="4" passed="4" failed="0" skipped="0">
  <reporter-output>
  </reporter-output>
  <suite started-at="2025-05-22T15:12:19 IST" name="Suite" finished-at="2025-05-22T15:12:59 IST" duration-ms="39950">
    <groups>
      <group name="cucumber">
        <method signature="AbstractTestNGCucumberTests.runScenario(io.cucumber.testng.PickleWrapper,io.cucumber.testng.FeatureWrapper)[pri:0, instance:testRunners.TestRunner@682b2fa]" name="runScenario" class="io.cucumber.testng.AbstractTestNGCucumberTests"/>
      </group> <!-- cucumber -->
    </groups>
    <test started-at="2025-05-22T15:12:19 IST" name="Test" finished-at="2025-05-22T15:12:59 IST" duration-ms="39950">
      <class name="testRunners.TestRunner">
        <test-method is-config="true" signature="setUpClass(org.testng.ITestContext)[pri:0, instance:testRunners.TestRunner@682b2fa]" started-at="2025-05-22T15:12:19 IST" name="setUpClass" finished-at="2025-05-22T15:12:19 IST" duration-ms="459" status="PASS">
          <params>
            <param index="0">
              <value>
                <![CDATA[org.testng.TestRunner@6a84a97d]]>
              </value>
            </param>
          </params>
          <reporter-output>
          </reporter-output>
        </test-method> <!-- setUpClass -->
        <test-method signature="runScenario(io.cucumber.testng.PickleWrapper,io.cucumber.testng.FeatureWrapper)[pri:0, instance:testRunners.TestRunner@682b2fa]" started-at="2025-05-22T15:12:19 IST" name="runScenario" description="Runs Cucumber Scenarios" data-provider="scenarios" finished-at="2025-05-22T15:12:24 IST" duration-ms="4445" status="PASS">
          <params>
            <param index="0">
              <value>
                <![CDATA["Validate the Login Form Design"]]>
              </value>
            </param>
            <param index="1">
              <value>
                <![CDATA["To Test the Login Functionalities of Valiantt Info"]]>
              </value>
            </param>
          </params>
          <reporter-output>
          </reporter-output>
        </test-method> <!-- runScenario -->
        <test-method signature="runScenario(io.cucumber.testng.PickleWrapper,io.cucumber.testng.FeatureWrapper)[pri:0, instance:testRunners.TestRunner@682b2fa]" started-at="2025-05-22T15:12:24 IST" name="runScenario" description="Runs Cucumber Scenarios" data-provider="scenarios" finished-at="2025-05-22T15:12:30 IST" duration-ms="6235" status="PASS">
          <params>
            <param index="0">
              <value>
                <![CDATA["Verify successful login with valid credientials"]]>
              </value>
            </param>
            <param index="1">
              <value>
                <![CDATA["To Test the Login Functionalities of Valiantt Info"]]>
              </value>
            </param>
          </params>
          <reporter-output>
          </reporter-output>
        </test-method> <!-- runScenario -->
        <test-method signature="runScenario(io.cucumber.testng.PickleWrapper,io.cucumber.testng.FeatureWrapper)[pri:0, instance:testRunners.TestRunner@682b2fa]" started-at="2025-05-22T15:12:30 IST" name="runScenario" description="Runs Cucumber Scenarios" data-provider="scenarios" finished-at="2025-05-22T15:12:41 IST" duration-ms="10722" status="PASS">
          <params>
            <param index="0">
              <value>
                <![CDATA["Verify failiure logins with invalid credientials"]]>
              </value>
            </param>
            <param index="1">
              <value>
                <![CDATA["To Test the Login Functionalities of Valiantt Info"]]>
              </value>
            </param>
          </params>
          <reporter-output>
          </reporter-output>
        </test-method> <!-- runScenario -->
        <test-method signature="runScenario(io.cucumber.testng.PickleWrapper,io.cucumber.testng.FeatureWrapper)[pri:0, instance:testRunners.TestRunner@682b2fa]" started-at="2025-05-22T15:12:41 IST" name="runScenario" description="Runs Cucumber Scenarios" data-provider="scenarios" finished-at="2025-05-22T15:12:59 IST" duration-ms="18020" status="PASS">
          <params>
            <param index="0">
              <value>
                <![CDATA["Verify failiure logins with invalid credientials"]]>
              </value>
            </param>
            <param index="1">
              <value>
                <![CDATA["To Test the Login Functionalities of Valiantt Info"]]>
              </value>
            </param>
          </params>
          <reporter-output>
          </reporter-output>
        </test-method> <!-- runScenario -->
        <test-method is-config="true" signature="tearDownClass()[pri:0, instance:testRunners.TestRunner@682b2fa]" started-at="2025-05-22T15:12:59 IST" name="tearDownClass" finished-at="2025-05-22T15:12:59 IST" duration-ms="20" status="PASS">
          <reporter-output>
          </reporter-output>
        </test-method> <!-- tearDownClass -->
      </class> <!-- testRunners.TestRunner -->
    </test> <!-- Test -->
  </suite> <!-- Suite -->
</testng-results>
